<?xml version="1.0" encoding="UTF-8"?>
<!-- Generated by org.testng.reporters.JUnitReportReporter -->
<testsuite skipped="0" hostname="DESKTOP-JUB55DH" name="com.qa.maintests.GoogleTest" tests="1" failures="0" timestamp="12 Dec 2020 14:05:30 GMT" time="7.170" errors="0">
  <testcase name="testGoogle" time="7.170" classname="com.qa.maintests.GoogleTest"/>
</testsuite> <!-- com.qa.maintests.GoogleTest -->
